<?xml version="1.0" encoding="UTF-8"?>
<!-- Generated by org.testng.reporters.JUnitReportReporter -->
<testsuite hostname="Thomas-PB" name="alize.TestDAO" tests="1" failures="0" timestamp="11 Nov 2014 17:26:39 GMT" time="0.615" errors="0">
  <testcase name="testFetch" time="0.615" classname="alize.TestDAO"/>
</testsuite> <!-- alize.TestDAO -->
